time="2024-05-29T02:13:04+05:00" level=info msg="logger initialized" func="app.go:8" file="main.main()"
time="2024-05-30T02:13:12+05:00" level=info msg="logger initialized" func="app.go:23" file="main.main()"
time="2024-05-30T02:13:12+05:00" level=info msg="config initializing" func="app.go:25" file="main.main()"
time="2024-05-30T02:13:12+05:00" level=info msg="read application config" func="config.go:29" file="github.com/Vladislav747/minio-project/internal/config.GetConfig.func1()"
time="2024-05-30T02:13:12+05:00" level=info func="config.go:33" file="github.com/Vladislav747/minio-project/internal/config.GetConfig.func1()"
time="2024-05-30T02:13:12+05:00" level=fatal msg="field \"AccessKey\" is required but the value is not provided" func="config.go:34" file="github.com/Vladislav747/minio-project/internal/config.GetConfig.func1()"
time="2024-05-30T02:18:30+05:00" level=info msg="logger initialized" func="app.go:23" file="main.main()"
time="2024-05-30T02:18:30+05:00" level=info msg="config initializing" func="app.go:25" file="main.main()"
time="2024-05-30T02:18:30+05:00" level=info msg="read application config" func="config.go:29" file="github.com/Vladislav747/minio-project/app/internal/config.GetConfig.func1()"
time="2024-05-30T02:18:30+05:00" level=info func="config.go:33" file="github.com/Vladislav747/minio-project/app/internal/config.GetConfig.func1()"
time="2024-05-30T02:18:30+05:00" level=fatal msg="open config.yml: no such file or directory" func="config.go:34" file="github.com/Vladislav747/minio-project/app/internal/config.GetConfig.func1()"
time="2024-05-30T02:18:50+05:00" level=info msg="logger initialized" func="app.go:23" file="main.main()"
time="2024-05-30T02:18:50+05:00" level=info msg="config initializing" func="app.go:25" file="main.main()"
time="2024-05-30T02:18:50+05:00" level=info msg="read application config" func="config.go:29" file="github.com/Vladislav747/minio-project/app/internal/config.GetConfig.func1()"
time="2024-05-30T02:18:50+05:00" level=info func="config.go:33" file="github.com/Vladislav747/minio-project/app/internal/config.GetConfig.func1()"
time="2024-05-30T02:18:50+05:00" level=fatal msg="field \"AccessKey\" is required but the value is not provided" func="config.go:34" file="github.com/Vladislav747/minio-project/app/internal/config.GetConfig.func1()"
time="2024-05-30T02:19:11+05:00" level=info msg="logger initialized" func="app.go:23" file="main.main()"
time="2024-05-30T02:19:11+05:00" level=info msg="config initializing" func="app.go:25" file="main.main()"
time="2024-05-30T02:19:11+05:00" level=info msg="read application config" func="config.go:29" file="github.com/Vladislav747/minio-project/app/internal/config.GetConfig.func1()"
time="2024-05-30T02:19:11+05:00" level=info func="config.go:33" file="github.com/Vladislav747/minio-project/app/internal/config.GetConfig.func1()"
time="2024-05-30T02:19:11+05:00" level=fatal msg="field \"AccessKey\" is required but the value is not provided" func="config.go:34" file="github.com/Vladislav747/minio-project/app/internal/config.GetConfig.func1()"
time="2024-05-30T02:19:58+05:00" level=info msg="logger initialized" func="app.go:23" file="main.main()"
time="2024-05-30T02:19:58+05:00" level=info msg="config initializing" func="app.go:25" file="main.main()"
time="2024-05-30T02:19:58+05:00" level=info msg="read application config" func="config.go:29" file="github.com/Vladislav747/minio-project/app/internal/config.GetConfig.func1()"
time="2024-05-30T02:19:58+05:00" level=info func="config.go:33" file="github.com/Vladislav747/minio-project/app/internal/config.GetConfig.func1()"
time="2024-05-30T02:19:58+05:00" level=fatal msg="field \"AccessKey\" is required but the value is not provided" func="config.go:34" file="github.com/Vladislav747/minio-project/app/internal/config.GetConfig.func1()"
time="2024-05-30T02:21:00+05:00" level=info msg="logger initialized" func="app.go:23" file="main.main()"
time="2024-05-30T02:21:00+05:00" level=info msg="config initializing" func="app.go:25" file="main.main()"
time="2024-05-30T02:21:00+05:00" level=info msg="read application config" func="config.go:29" file="github.com/Vladislav747/minio-project/app/internal/config.GetConfig.func1()"
time="2024-05-30T02:21:00+05:00" level=info func="config.go:33" file="github.com/Vladislav747/minio-project/app/internal/config.GetConfig.func1()"
time="2024-05-30T02:21:00+05:00" level=fatal msg="field \"AccessKey\" is required but the value is not provided" func="config.go:34" file="github.com/Vladislav747/minio-project/app/internal/config.GetConfig.func1()"
time="2024-05-30T02:23:01+05:00" level=info msg="logger initialized" func="app.go:23" file="main.main()"
time="2024-05-30T02:23:01+05:00" level=info msg="config initializing" func="app.go:25" file="main.main()"
time="2024-05-30T02:23:01+05:00" level=info msg="read application config" func="config.go:30" file="github.com/Vladislav747/minio-project/app/internal/config.GetConfig.func1()"
time="2024-05-30T02:23:01+05:00" level=info func="config.go:35" file="github.com/Vladislav747/minio-project/app/internal/config.GetConfig.func1()"
time="2024-05-30T02:23:01+05:00" level=fatal msg="field \"AccessKey\" is required but the value is not provided" func="config.go:36" file="github.com/Vladislav747/minio-project/app/internal/config.GetConfig.func1()"
time="2024-05-30T02:24:18+05:00" level=info msg="logger initialized" func="app.go:23" file="main.main()"
time="2024-05-30T02:24:18+05:00" level=info msg="config initializing" func="app.go:25" file="main.main()"
time="2024-05-30T02:24:18+05:00" level=info msg="read application config" func="config.go:30" file="github.com/Vladislav747/minio-project/app/internal/config.GetConfig.func1()"
time="2024-05-30T02:24:18+05:00" level=info func="config.go:35" file="github.com/Vladislav747/minio-project/app/internal/config.GetConfig.func1()"
time="2024-05-30T02:24:18+05:00" level=fatal msg="field \"SecretKey\" is required but the value is not provided" func="config.go:36" file="github.com/Vladislav747/minio-project/app/internal/config.GetConfig.func1()"
time="2024-05-30T02:24:41+05:00" level=info msg="logger initialized" func="app.go:23" file="main.main()"
time="2024-05-30T02:24:41+05:00" level=info msg="config initializing" func="app.go:25" file="main.main()"
time="2024-05-30T02:24:41+05:00" level=info msg="read application config" func="config.go:30" file="github.com/Vladislav747/minio-project/app/internal/config.GetConfig.func1()"
time="2024-05-30T02:24:41+05:00" level=info msg="router initializing" func="app.go:28" file="main.main()"
time="2024-05-30T02:24:41+05:00" level=info msg="start application" func="app.go:49" file="main.main()"
time="2024-05-30T02:24:41+05:00" level=info msg="bind application to host: localhost and port 10002" func="app.go:69" file="main.start()"
time="2024-05-30T02:24:41+05:00" level=fatal msg="listen tcp: address localhost: missing port in address" func="app.go:75" file="main.start()"
time="2024-05-30T02:25:54+05:00" level=info msg="logger initialized" func="app.go:23" file="main.main()"
time="2024-05-30T02:25:54+05:00" level=info msg="config initializing" func="app.go:25" file="main.main()"
time="2024-05-30T02:25:54+05:00" level=info msg="read application config" func="config.go:30" file="github.com/Vladislav747/minio-project/app/internal/config.GetConfig.func1()"
time="2024-05-30T02:25:54+05:00" level=info msg="router initializing" func="app.go:28" file="main.main()"
time="2024-05-30T02:25:54+05:00" level=info msg="start application" func="app.go:49" file="main.main()"
time="2024-05-30T02:25:54+05:00" level=info msg="bind application to host: localhost and port 10002" func="app.go:69" file="main.start()"
time="2024-05-30T02:25:54+05:00" level=debug msg=localhostcfg.Listen.BindIP func="app.go:72" file="main.start()"
time="2024-05-30T02:25:54+05:00" level=fatal msg="listen tcp: address localhost: missing port in address" func="app.go:75" file="main.start()"
time="2024-05-30T02:26:44+05:00" level=info msg="logger initialized" func="app.go:24" file="main.main()"
time="2024-05-30T02:26:44+05:00" level=info msg="config initializing" func="app.go:26" file="main.main()"
time="2024-05-30T02:26:44+05:00" level=info msg="read application config" func="config.go:30" file="github.com/Vladislav747/minio-project/app/internal/config.GetConfig.func1()"
time="2024-05-30T02:26:44+05:00" level=info msg="router initializing" func="app.go:29" file="main.main()"
time="2024-05-30T02:26:44+05:00" level=info msg="start application" func="app.go:50" file="main.main()"
time="2024-05-30T02:26:44+05:00" level=info msg="bind application to host: localhost and port 10002" func="app.go:70" file="main.start()"
time="2024-05-30T02:26:44+05:00" level=debug msg=localhostcfg.Listen.BindIP func="app.go:73" file="main.start()"
time="2024-05-30T02:26:44+05:00" level=info msg="application initialized and started" func="app.go:88" file="main.start()"
time="2024-05-30T03:09:44+05:00" level=info msg="logger initialized" func="main.go:24" file="main.main()"
time="2024-05-30T03:09:44+05:00" level=info msg="config initializing" func="main.go:26" file="main.main()"
time="2024-05-30T03:09:44+05:00" level=info msg="read application config" func="config.go:30" file="github.com/Vladislav747/minio-project/internal/config.GetConfig.func1()"
time="2024-05-30T03:09:44+05:00" level=info msg="router initializing" func="main.go:29" file="main.main()"
time="2024-05-30T03:09:44+05:00" level=info msg="start application" func="main.go:50" file="main.main()"
time="2024-05-30T03:09:44+05:00" level=info msg="bind application to host: localhost and port 10002" func="main.go:70" file="main.start()"
time="2024-05-30T03:09:44+05:00" level=info msg="application initialized and started" func="main.go:87" file="main.start()"
time="2024-05-30T03:09:47+05:00" level=info msg="Received signal: interrupt. Shutting down..." func="shutdown.go:16" file="github.com/Vladislav747/minio-project/pkg/shutdown.GracefulShutdown()"
time="2024-05-30T03:09:47+05:00" level=warning msg="server shutdown" func="main.go:92" file="main.start()"
time="2024-05-30T03:10:20+05:00" level=info msg="logger initialized" func="main.go:24" file="main.main()"
time="2024-05-30T03:10:20+05:00" level=info msg="config initializing" func="main.go:26" file="main.main()"
time="2024-05-30T03:10:20+05:00" level=info msg="read application config" func="config.go:30" file="github.com/Vladislav747/minio-project/internal/config.GetConfig.func1()"
time="2024-05-30T03:10:20+05:00" level=info msg="router initializing" func="main.go:29" file="main.main()"
time="2024-05-30T03:10:20+05:00" level=info msg="start application" func="main.go:50" file="main.main()"
time="2024-05-30T03:10:20+05:00" level=info msg="bind application to host: localhost and port 10002" func="main.go:70" file="main.start()"
time="2024-05-30T03:10:20+05:00" level=info msg="application initialized and started" func="main.go:87" file="main.start()"
time="2024-05-30T03:10:21+05:00" level=info msg="Received signal: interrupt. Shutting down..." func="shutdown.go:16" file="github.com/Vladislav747/minio-project/pkg/shutdown.GracefulShutdown()"
time="2024-05-30T03:10:21+05:00" level=warning msg="server shutdown" func="main.go:92" file="main.start()"
